2023-11-15 15:12:10,379 [1] INFO Microsoft.Hosting.Lifetime.?[?] - Now listening on: http://localhost:5272
2023-11-15 15:12:10,634 [1] INFO Microsoft.Hosting.Lifetime.OnApplicationStarted[0] - Application started. Press Ctrl+C to shut down.
2023-11-15 15:12:10,726 [1] INFO Microsoft.Hosting.Lifetime.OnApplicationStarted[0] - Hosting environment: Development
2023-11-15 15:12:10,749 [1] INFO Microsoft.Hosting.Lifetime.OnApplicationStarted[0] - Content root path: E:\Hotel Booking\HotelBookingapplication\HotelBookingSolution\HotelBookingApplication\
2023-11-15 15:13:22,309 [1] INFO Microsoft.Hosting.Lifetime.?[?] - Now listening on: http://localhost:5272
2023-11-15 15:13:22,685 [1] INFO Microsoft.Hosting.Lifetime.OnApplicationStarted[0] - Application started. Press Ctrl+C to shut down.
2023-11-15 15:13:22,696 [1] INFO Microsoft.Hosting.Lifetime.OnApplicationStarted[0] - Hosting environment: Development
2023-11-15 15:13:22,717 [1] INFO Microsoft.Hosting.Lifetime.OnApplicationStarted[0] - Content root path: E:\Hotel Booking\HotelBookingapplication\HotelBookingSolution\HotelBookingApplication\
2023-11-15 15:15:20,037 [1] INFO Microsoft.Hosting.Lifetime.?[?] - Now listening on: http://localhost:5272
2023-11-15 15:15:20,381 [1] INFO Microsoft.Hosting.Lifetime.OnApplicationStarted[0] - Application started. Press Ctrl+C to shut down.
2023-11-15 15:15:20,408 [1] INFO Microsoft.Hosting.Lifetime.OnApplicationStarted[0] - Hosting environment: Development
2023-11-15 15:15:20,419 [1] INFO Microsoft.Hosting.Lifetime.OnApplicationStarted[0] - Content root path: E:\Hotel Booking\HotelBookingapplication\HotelBookingSolution\HotelBookingApplication\
2023-11-15 15:15:57,158 [.NET ThreadPool Worker] INFO Microsoft.EntityFrameworkCore.Infrastructure.?[?] - Entity Framework Core 6.0.24 initialized 'BookingContext' using provider 'Microsoft.EntityFrameworkCore.SqlServer:6.0.24' with options: None
2023-11-15 15:16:00,108 [.NET ThreadPool Worker] INFO Microsoft.EntityFrameworkCore.Database.Command.?[?] - Executed DbCommand (216ms) [Parameters=[@__key_0='?' (Size = 450)], CommandType='Text', CommandTimeout='30']
SELECT TOP(2) [u].[Email], [u].[Address], [u].[Key], [u].[Name], [u].[Password], [u].[Phone], [u].[Role]
FROM [Users] AS [u]
WHERE [u].[Email] = @__key_0
2023-11-15 15:16:12,859 [.NET ThreadPool Worker] INFO Microsoft.EntityFrameworkCore.Infrastructure.?[?] - Entity Framework Core 6.0.24 initialized 'BookingContext' using provider 'Microsoft.EntityFrameworkCore.SqlServer:6.0.24' with options: None
2023-11-15 15:16:12,905 [.NET ThreadPool Worker] INFO Microsoft.EntityFrameworkCore.Database.Command.?[?] - Executed DbCommand (12ms) [Parameters=[@__key_0='?' (Size = 450)], CommandType='Text', CommandTimeout='30']
SELECT TOP(2) [u].[Email], [u].[Address], [u].[Key], [u].[Name], [u].[Password], [u].[Phone], [u].[Role]
FROM [Users] AS [u]
WHERE [u].[Email] = @__key_0
2023-11-15 15:16:37,987 [.NET ThreadPool Worker] INFO Microsoft.EntityFrameworkCore.Infrastructure.?[?] - Entity Framework Core 6.0.24 initialized 'BookingContext' using provider 'Microsoft.EntityFrameworkCore.SqlServer:6.0.24' with options: None
2023-11-15 15:16:38,010 [.NET ThreadPool Worker] INFO Microsoft.EntityFrameworkCore.Database.Command.?[?] - Executed DbCommand (9ms) [Parameters=[@__key_0='?' (Size = 450)], CommandType='Text', CommandTimeout='30']
SELECT TOP(2) [u].[Email], [u].[Address], [u].[Key], [u].[Name], [u].[Password], [u].[Phone], [u].[Role]
FROM [Users] AS [u]
WHERE [u].[Email] = @__key_0
2023-11-15 15:23:39,589 [1] INFO Microsoft.Hosting.Lifetime.?[?] - Now listening on: http://localhost:5272
2023-11-15 15:23:39,739 [1] INFO Microsoft.Hosting.Lifetime.OnApplicationStarted[0] - Application started. Press Ctrl+C to shut down.
2023-11-15 15:23:39,746 [1] INFO Microsoft.Hosting.Lifetime.OnApplicationStarted[0] - Hosting environment: Development
2023-11-15 15:23:39,749 [1] INFO Microsoft.Hosting.Lifetime.OnApplicationStarted[0] - Content root path: E:\Hotel Booking\HotelBookingapplication\HotelBookingSolution\HotelBookingApplication\
2023-11-15 15:24:01,549 [.NET ThreadPool Worker] INFO Microsoft.EntityFrameworkCore.Infrastructure.?[?] - Entity Framework Core 6.0.24 initialized 'BookingContext' using provider 'Microsoft.EntityFrameworkCore.SqlServer:6.0.24' with options: None
2023-11-15 15:24:04,612 [.NET ThreadPool Worker] INFO Microsoft.EntityFrameworkCore.Database.Command.?[?] - Executed DbCommand (194ms) [Parameters=[@__key_0='?' (Size = 450)], CommandType='Text', CommandTimeout='30']
SELECT TOP(2) [u].[Email], [u].[Address], [u].[Key], [u].[Name], [u].[Password], [u].[Phone], [u].[Role]
FROM [Users] AS [u]
WHERE [u].[Email] = @__key_0
2023-11-15 15:24:05,233 [.NET ThreadPool Worker] INFO HotelBookingApplication.Controllers.UserController.Login[51] - Login Successful
<<<<<<< HEAD
2023-11-15 18:40:33,285 [1] INFO Microsoft.Hosting.Lifetime.?[?] - Now listening on: http://localhost:5272
2023-11-15 18:40:33,382 [1] INFO Microsoft.Hosting.Lifetime.OnApplicationStarted[0] - Application started. Press Ctrl+C to shut down.
2023-11-15 18:40:33,389 [1] INFO Microsoft.Hosting.Lifetime.OnApplicationStarted[0] - Hosting environment: Development
2023-11-15 18:40:33,393 [1] INFO Microsoft.Hosting.Lifetime.OnApplicationStarted[0] - Content root path: C:\Hotel\HotelBookingapplication\HotelBookingSolution\HotelBookingApplication\
2023-11-15 18:41:46,545 [1] INFO Microsoft.Hosting.Lifetime.?[?] - Now listening on: http://localhost:5272
2023-11-15 18:41:46,624 [1] INFO Microsoft.Hosting.Lifetime.OnApplicationStarted[0] - Application started. Press Ctrl+C to shut down.
2023-11-15 18:41:46,632 [1] INFO Microsoft.Hosting.Lifetime.OnApplicationStarted[0] - Hosting environment: Development
2023-11-15 18:41:46,636 [1] INFO Microsoft.Hosting.Lifetime.OnApplicationStarted[0] - Content root path: C:\Hotel\HotelBookingapplication\HotelBookingSolution\HotelBookingApplication\
2023-11-15 18:42:58,509 [1] INFO Microsoft.Hosting.Lifetime.?[?] - Now listening on: http://localhost:5272
2023-11-15 18:42:58,611 [1] INFO Microsoft.Hosting.Lifetime.OnApplicationStarted[0] - Application started. Press Ctrl+C to shut down.
2023-11-15 18:42:58,617 [1] INFO Microsoft.Hosting.Lifetime.OnApplicationStarted[0] - Hosting environment: Development
2023-11-15 18:42:58,621 [1] INFO Microsoft.Hosting.Lifetime.OnApplicationStarted[0] - Content root path: C:\Hotel\HotelBookingapplication\HotelBookingSolution\HotelBookingApplication\
2023-11-15 18:43:48,282 [1] INFO Microsoft.Hosting.Lifetime.?[?] - Now listening on: http://localhost:5272
2023-11-15 18:43:48,350 [1] INFO Microsoft.Hosting.Lifetime.OnApplicationStarted[0] - Application started. Press Ctrl+C to shut down.
2023-11-15 18:43:48,356 [1] INFO Microsoft.Hosting.Lifetime.OnApplicationStarted[0] - Hosting environment: Development
2023-11-15 18:43:48,358 [1] INFO Microsoft.Hosting.Lifetime.OnApplicationStarted[0] - Content root path: C:\Hotel\HotelBookingapplication\HotelBookingSolution\HotelBookingApplication\
2023-11-15 18:46:09,653 [1] INFO Microsoft.Hosting.Lifetime.?[?] - Now listening on: http://localhost:5272
2023-11-15 18:46:09,759 [1] INFO Microsoft.Hosting.Lifetime.OnApplicationStarted[0] - Application started. Press Ctrl+C to shut down.
2023-11-15 18:46:09,764 [1] INFO Microsoft.Hosting.Lifetime.OnApplicationStarted[0] - Hosting environment: Development
2023-11-15 18:46:09,768 [1] INFO Microsoft.Hosting.Lifetime.OnApplicationStarted[0] - Content root path: C:\Hotel\HotelBookingapplication\HotelBookingSolution\HotelBookingApplication\
=======
2023-11-15 18:30:33,919 [1] INFO Microsoft.Hosting.Lifetime.?[?] - Now listening on: http://localhost:5272
2023-11-15 18:30:34,133 [1] INFO Microsoft.Hosting.Lifetime.OnApplicationStarted[0] - Application started. Press Ctrl+C to shut down.
2023-11-15 18:30:34,149 [1] INFO Microsoft.Hosting.Lifetime.OnApplicationStarted[0] - Hosting environment: Development
2023-11-15 18:30:34,153 [1] INFO Microsoft.Hosting.Lifetime.OnApplicationStarted[0] - Content root path: E:\Hotel Booking\HotelBookingapplication\HotelBookingSolution\HotelBookingApplication\
>>>>>>> bfd370bb313b399abdeb1a31ed52d01bae9de13a
2023-11-15 18:54:17,837 [1] INFO Microsoft.Hosting.Lifetime.?[?] - Now listening on: http://localhost:5272
2023-11-15 18:54:17,964 [1] INFO Microsoft.Hosting.Lifetime.OnApplicationStarted[0] - Application started. Press Ctrl+C to shut down.
2023-11-15 18:54:17,975 [1] INFO Microsoft.Hosting.Lifetime.OnApplicationStarted[0] - Hosting environment: Development
2023-11-15 18:54:17,982 [1] INFO Microsoft.Hosting.Lifetime.OnApplicationStarted[0] - Content root path: C:\Hotel\HotelBookingapplication\HotelBookingSolution\HotelBookingApplication\
2023-11-15 18:59:20,142 [1] INFO Microsoft.Hosting.Lifetime.?[?] - Now listening on: http://localhost:5272
2023-11-15 18:59:20,325 [1] INFO Microsoft.Hosting.Lifetime.OnApplicationStarted[0] - Application started. Press Ctrl+C to shut down.
2023-11-15 18:59:20,334 [1] INFO Microsoft.Hosting.Lifetime.OnApplicationStarted[0] - Hosting environment: Development
2023-11-15 18:59:20,340 [1] INFO Microsoft.Hosting.Lifetime.OnApplicationStarted[0] - Content root path: E:\Hotel Booking\HotelBookingapplication\HotelBookingSolution\HotelBookingApplication\
2023-11-16 09:02:53,472 [1] INFO Microsoft.Hosting.Lifetime.?[?] - Now listening on: http://localhost:5272
2023-11-16 09:02:53,627 [1] INFO Microsoft.Hosting.Lifetime.OnApplicationStarted[0] - Application started. Press Ctrl+C to shut down.
2023-11-16 09:02:53,635 [1] INFO Microsoft.Hosting.Lifetime.OnApplicationStarted[0] - Hosting environment: Development
2023-11-16 09:02:53,638 [1] INFO Microsoft.Hosting.Lifetime.OnApplicationStarted[0] - Content root path: E:\Hotel Booking\HotelBookingapplication\HotelBookingSolution\HotelBookingApplication\
2023-11-16 11:23:11,010 [1] INFO Microsoft.Hosting.Lifetime.?[?] - Now listening on: http://localhost:5272
2023-11-16 11:23:11,143 [1] INFO Microsoft.Hosting.Lifetime.OnApplicationStarted[0] - Application started. Press Ctrl+C to shut down.
2023-11-16 11:23:11,148 [1] INFO Microsoft.Hosting.Lifetime.OnApplicationStarted[0] - Hosting environment: Development
2023-11-16 11:23:11,151 [1] INFO Microsoft.Hosting.Lifetime.OnApplicationStarted[0] - Content root path: E:\Hotel Booking\HotelBookingapplication\HotelBookingSolution\HotelBookingApplication\
2023-11-16 11:26:16,849 [.NET ThreadPool Worker] ERROR Microsoft.AspNetCore.Diagnostics.DeveloperExceptionPageMiddleware.?[?] - An unhandled exception has occurred while executing the request.
System.InvalidOperationException: Unable to resolve service for type 'HotelBookingApplication.Interfaces.IHotelService' while attempting to activate 'HotelBookingApplication.Controllers.HotelController'.
   at Microsoft.Extensions.DependencyInjection.ActivatorUtilities.GetService(IServiceProvider sp, Type type, Type requiredBy, Boolean isDefaultParameterRequired)
   at lambda_method3(Closure , IServiceProvider , Object[] )
   at Microsoft.AspNetCore.Mvc.Controllers.ControllerActivatorProvider.<>c__DisplayClass7_0.<CreateActivator>b__0(ControllerContext controllerContext)
   at Microsoft.AspNetCore.Mvc.Controllers.ControllerFactoryProvider.<>c__DisplayClass6_0.<CreateControllerFactory>g__CreateController|0(ControllerContext controllerContext)
   at Microsoft.AspNetCore.Mvc.Infrastructure.ControllerActionInvoker.Next(State& next, Scope& scope, Object& state, Boolean& isCompleted)
   at Microsoft.AspNetCore.Mvc.Infrastructure.ControllerActionInvoker.InvokeInnerFilterAsync()
--- End of stack trace from previous location ---
   at Microsoft.AspNetCore.Mvc.Infrastructure.ResourceInvoker.<InvokeNextResourceFilter>g__Awaited|25_0(ResourceInvoker invoker, Task lastTask, State next, Scope scope, Object state, Boolean isCompleted)
   at Microsoft.AspNetCore.Mvc.Infrastructure.ResourceInvoker.Rethrow(ResourceExecutedContextSealed context)
   at Microsoft.AspNetCore.Mvc.Infrastructure.ResourceInvoker.Next(State& next, Scope& scope, Object& state, Boolean& isCompleted)
   at Microsoft.AspNetCore.Mvc.Infrastructure.ResourceInvoker.InvokeFilterPipelineAsync()
--- End of stack trace from previous location ---
   at Microsoft.AspNetCore.Mvc.Infrastructure.ResourceInvoker.<InvokeAsync>g__Awaited|17_0(ResourceInvoker invoker, Task task, IDisposable scope)
   at Microsoft.AspNetCore.Mvc.Infrastructure.ResourceInvoker.<InvokeAsync>g__Awaited|17_0(ResourceInvoker invoker, Task task, IDisposable scope)
   at Microsoft.AspNetCore.Routing.EndpointMiddleware.<Invoke>g__AwaitRequestTask|6_0(Endpoint endpoint, Task requestTask, ILogger logger)
   at Microsoft.AspNetCore.Authorization.AuthorizationMiddleware.Invoke(HttpContext context)
   at Microsoft.AspNetCore.Authentication.AuthenticationMiddleware.Invoke(HttpContext context)
   at Swashbuckle.AspNetCore.SwaggerUI.SwaggerUIMiddleware.Invoke(HttpContext httpContext)
   at Swashbuckle.AspNetCore.Swagger.SwaggerMiddleware.Invoke(HttpContext httpContext, ISwaggerProvider swaggerProvider)
   at Microsoft.AspNetCore.Diagnostics.DeveloperExceptionPageMiddleware.Invoke(HttpContext context)
2023-11-16 11:29:31,231 [1] INFO Microsoft.Hosting.Lifetime.?[?] - Now listening on: http://localhost:5272
2023-11-16 11:29:31,406 [1] INFO Microsoft.Hosting.Lifetime.OnApplicationStarted[0] - Application started. Press Ctrl+C to shut down.
2023-11-16 11:29:31,417 [1] INFO Microsoft.Hosting.Lifetime.OnApplicationStarted[0] - Hosting environment: Development
2023-11-16 11:29:31,424 [1] INFO Microsoft.Hosting.Lifetime.OnApplicationStarted[0] - Content root path: E:\Hotel Booking\HotelBookingapplication\HotelBookingSolution\HotelBookingApplication\
2023-11-16 11:30:53,187 [.NET ThreadPool Worker] INFO Microsoft.EntityFrameworkCore.Infrastructure.?[?] - Entity Framework Core 6.0.24 initialized 'BookingContext' using provider 'Microsoft.EntityFrameworkCore.SqlServer:6.0.24' with options: None
2023-11-16 11:30:55,603 [.NET ThreadPool Worker] ERROR Microsoft.EntityFrameworkCore.Database.Command.?[?] - Failed executing DbCommand (203ms) [Parameters=[@p0='?' (Size = 4000), @p1='?' (Size = 4000), @p2='?' (Size = 4000), @p3='?' (Size = 4000), @p4='?' (Size = 4000), @p5='?' (Size = 4000), @p6='?' (Size = 4000)], CommandType='Text', CommandTimeout='30']
SET NOCOUNT ON;
INSERT INTO [Hotels] ([Address], [Amenities], [City], [Description], [HotelName], [Image], [Phone])
VALUES (@p0, @p1, @p2, @p3, @p4, @p5, @p6);
SELECT [HotelId]
FROM [Hotels]
WHERE @@ROWCOUNT = 1 AND [HotelId] = scope_identity();
2023-11-16 11:30:55,746 [.NET ThreadPool Worker] ERROR Microsoft.EntityFrameworkCore.Update.?[?] - An exception occurred in the database while saving changes for context type 'HotelBookingApplication.Contexts.BookingContext'.
Microsoft.EntityFrameworkCore.DbUpdateException: An error occurred while saving the entity changes. See the inner exception for details.
 ---> Microsoft.Data.SqlClient.SqlException (0x80131904): Invalid column name 'Amenities'.
   at Microsoft.Data.SqlClient.SqlConnection.OnError(SqlException exception, Boolean breakConnection, Action`1 wrapCloseInAction)
   at Microsoft.Data.SqlClient.TdsParser.ThrowExceptionAndWarning(TdsParserStateObject stateObj, Boolean callerHasConnectionLock, Boolean asyncClose)
   at Microsoft.Data.SqlClient.TdsParser.TryRun(RunBehavior runBehavior, SqlCommand cmdHandler, SqlDataReader dataStream, BulkCopySimpleResultSet bulkCopyHandler, TdsParserStateObject stateObj, Boolean& dataReady)
   at Microsoft.Data.SqlClient.SqlDataReader.TryConsumeMetaData()
   at Microsoft.Data.SqlClient.SqlDataReader.get_MetaData()
   at Microsoft.Data.SqlClient.SqlCommand.FinishExecuteReader(SqlDataReader ds, RunBehavior runBehavior, String resetOptionsString, Boolean isInternal, Boolean forDescribeParameterEncryption, Boolean shouldCacheForAlwaysEncrypted)
   at Microsoft.Data.SqlClient.SqlCommand.RunExecuteReaderTds(CommandBehavior cmdBehavior, RunBehavior runBehavior, Boolean returnStream, Boolean isAsync, Int32 timeout, Task& task, Boolean asyncWrite, Boolean inRetry, SqlDataReader ds, Boolean describeParameterEncryptionRequest)
   at Microsoft.Data.SqlClient.SqlCommand.RunExecuteReader(CommandBehavior cmdBehavior, RunBehavior runBehavior, Boolean returnStream, TaskCompletionSource`1 completion, Int32 timeout, Task& task, Boolean& usedCache, Boolean asyncWrite, Boolean inRetry, String method)
   at Microsoft.Data.SqlClient.SqlCommand.ExecuteReader(CommandBehavior behavior)
   at Microsoft.EntityFrameworkCore.Storage.RelationalCommand.ExecuteReader(RelationalCommandParameterObject parameterObject)
   at Microsoft.EntityFrameworkCore.Update.ReaderModificationCommandBatch.Execute(IRelationalConnection connection)
ClientConnectionId:26f94a92-682c-42cb-acd0-96096f8e66c9
Error Number:207,State:1,Class:16
   --- End of inner exception stack trace ---
   at Microsoft.EntityFrameworkCore.Update.ReaderModificationCommandBatch.Execute(IRelationalConnection connection)
   at Microsoft.EntityFrameworkCore.Update.Internal.BatchExecutor.Execute(IEnumerable`1 commandBatches, IRelationalConnection connection)
   at Microsoft.EntityFrameworkCore.ChangeTracking.Internal.StateManager.SaveChanges(IList`1 entriesToSave)
   at Microsoft.EntityFrameworkCore.ChangeTracking.Internal.StateManager.SaveChanges(StateManager stateManager, Boolean acceptAllChangesOnSuccess)
   at Microsoft.EntityFrameworkCore.SqlServer.Storage.Internal.SqlServerExecutionStrategy.Execute[TState,TResult](TState state, Func`3 operation, Func`3 verifySucceeded)
   at Microsoft.EntityFrameworkCore.ChangeTracking.Internal.StateManager.SaveChanges(Boolean acceptAllChangesOnSuccess)
   at Microsoft.EntityFrameworkCore.DbContext.SaveChanges(Boolean acceptAllChangesOnSuccess)
Microsoft.EntityFrameworkCore.DbUpdateException: An error occurred while saving the entity changes. See the inner exception for details.
 ---> Microsoft.Data.SqlClient.SqlException (0x80131904): Invalid column name 'Amenities'.
   at Microsoft.Data.SqlClient.SqlConnection.OnError(SqlException exception, Boolean breakConnection, Action`1 wrapCloseInAction)
   at Microsoft.Data.SqlClient.TdsParser.ThrowExceptionAndWarning(TdsParserStateObject stateObj, Boolean callerHasConnectionLock, Boolean asyncClose)
   at Microsoft.Data.SqlClient.TdsParser.TryRun(RunBehavior runBehavior, SqlCommand cmdHandler, SqlDataReader dataStream, BulkCopySimpleResultSet bulkCopyHandler, TdsParserStateObject stateObj, Boolean& dataReady)
   at Microsoft.Data.SqlClient.SqlDataReader.TryConsumeMetaData()
   at Microsoft.Data.SqlClient.SqlDataReader.get_MetaData()
   at Microsoft.Data.SqlClient.SqlCommand.FinishExecuteReader(SqlDataReader ds, RunBehavior runBehavior, String resetOptionsString, Boolean isInternal, Boolean forDescribeParameterEncryption, Boolean shouldCacheForAlwaysEncrypted)
   at Microsoft.Data.SqlClient.SqlCommand.RunExecuteReaderTds(CommandBehavior cmdBehavior, RunBehavior runBehavior, Boolean returnStream, Boolean isAsync, Int32 timeout, Task& task, Boolean asyncWrite, Boolean inRetry, SqlDataReader ds, Boolean describeParameterEncryptionRequest)
   at Microsoft.Data.SqlClient.SqlCommand.RunExecuteReader(CommandBehavior cmdBehavior, RunBehavior runBehavior, Boolean returnStream, TaskCompletionSource`1 completion, Int32 timeout, Task& task, Boolean& usedCache, Boolean asyncWrite, Boolean inRetry, String method)
   at Microsoft.Data.SqlClient.SqlCommand.ExecuteReader(CommandBehavior behavior)
   at Microsoft.EntityFrameworkCore.Storage.RelationalCommand.ExecuteReader(RelationalCommandParameterObject parameterObject)
   at Microsoft.EntityFrameworkCore.Update.ReaderModificationCommandBatch.Execute(IRelationalConnection connection)
ClientConnectionId:26f94a92-682c-42cb-acd0-96096f8e66c9
Error Number:207,State:1,Class:16
   --- End of inner exception stack trace ---
   at Microsoft.EntityFrameworkCore.Update.ReaderModificationCommandBatch.Execute(IRelationalConnection connection)
   at Microsoft.EntityFrameworkCore.Update.Internal.BatchExecutor.Execute(IEnumerable`1 commandBatches, IRelationalConnection connection)
   at Microsoft.EntityFrameworkCore.ChangeTracking.Internal.StateManager.SaveChanges(IList`1 entriesToSave)
   at Microsoft.EntityFrameworkCore.ChangeTracking.Internal.StateManager.SaveChanges(StateManager stateManager, Boolean acceptAllChangesOnSuccess)
   at Microsoft.EntityFrameworkCore.SqlServer.Storage.Internal.SqlServerExecutionStrategy.Execute[TState,TResult](TState state, Func`3 operation, Func`3 verifySucceeded)
   at Microsoft.EntityFrameworkCore.ChangeTracking.Internal.StateManager.SaveChanges(Boolean acceptAllChangesOnSuccess)
   at Microsoft.EntityFrameworkCore.DbContext.SaveChanges(Boolean acceptAllChangesOnSuccess)
2023-11-16 11:33:37,097 [1] INFO Microsoft.EntityFrameworkCore.Infrastructure.?[?] - Entity Framework Core 6.0.24 initialized 'BookingContext' using provider 'Microsoft.EntityFrameworkCore.SqlServer:6.0.24' with options: None
2023-11-16 11:33:58,477 [1] INFO Microsoft.EntityFrameworkCore.Infrastructure.?[?] - Entity Framework Core 6.0.24 initialized 'BookingContext' using provider 'Microsoft.EntityFrameworkCore.SqlServer:6.0.24' with options: None
2023-11-16 11:34:12,012 [1] INFO Microsoft.EntityFrameworkCore.Infrastructure.?[?] - Entity Framework Core 6.0.24 initialized 'BookingContext' using provider 'Microsoft.EntityFrameworkCore.SqlServer:6.0.24' with options: None
2023-11-16 11:34:12,471 [1] INFO Microsoft.EntityFrameworkCore.Database.Command.?[?] - Executed DbCommand (30ms) [Parameters=[], CommandType='Text', CommandTimeout='30']
SELECT 1
2023-11-16 11:34:12,538 [1] INFO Microsoft.EntityFrameworkCore.Database.Command.?[?] - Executed DbCommand (37ms) [Parameters=[], CommandType='Text', CommandTimeout='30']
SELECT OBJECT_ID(N'[__EFMigrationsHistory]');
2023-11-16 11:34:12,548 [1] INFO Microsoft.EntityFrameworkCore.Database.Command.?[?] - Executed DbCommand (3ms) [Parameters=[], CommandType='Text', CommandTimeout='30']
SELECT 1
2023-11-16 11:34:12,551 [1] INFO Microsoft.EntityFrameworkCore.Database.Command.?[?] - Executed DbCommand (1ms) [Parameters=[], CommandType='Text', CommandTimeout='30']
SELECT OBJECT_ID(N'[__EFMigrationsHistory]');
2023-11-16 11:34:12,607 [1] INFO Microsoft.EntityFrameworkCore.Database.Command.?[?] - Executed DbCommand (4ms) [Parameters=[], CommandType='Text', CommandTimeout='30']
SELECT [MigrationId], [ProductVersion]
FROM [__EFMigrationsHistory]
ORDER BY [MigrationId];
2023-11-16 11:34:12,641 [1] INFO Microsoft.EntityFrameworkCore.Migrations.?[?] - Applying migration '20231116060358_Hotel Update'.
2023-11-16 11:34:13,064 [1] INFO Microsoft.EntityFrameworkCore.Database.Command.?[?] - Executed DbCommand (355ms) [Parameters=[], CommandType='Text', CommandTimeout='30']
EXEC sp_rename N'[Rooms].[AvailableRooms]', N'TotalRooms', N'COLUMN';
2023-11-16 11:34:13,090 [1] INFO Microsoft.EntityFrameworkCore.Database.Command.?[?] - Executed DbCommand (23ms) [Parameters=[], CommandType='Text', CommandTimeout='30']
ALTER TABLE [Hotels] ADD [Amenities] nvarchar(max) NOT NULL DEFAULT N'';
2023-11-16 11:34:13,097 [1] INFO Microsoft.EntityFrameworkCore.Database.Command.?[?] - Executed DbCommand (6ms) [Parameters=[], CommandType='Text', CommandTimeout='30']
INSERT INTO [__EFMigrationsHistory] ([MigrationId], [ProductVersion])
VALUES (N'20231116060358_Hotel Update', N'6.0.24');
2023-11-16 11:34:21,525 [1] INFO Microsoft.Hosting.Lifetime.?[?] - Now listening on: http://localhost:5272
2023-11-16 11:34:21,716 [1] INFO Microsoft.Hosting.Lifetime.OnApplicationStarted[0] - Application started. Press Ctrl+C to shut down.
2023-11-16 11:34:21,742 [1] INFO Microsoft.Hosting.Lifetime.OnApplicationStarted[0] - Hosting environment: Development
2023-11-16 11:34:21,747 [1] INFO Microsoft.Hosting.Lifetime.OnApplicationStarted[0] - Content root path: E:\Hotel Booking\HotelBookingapplication\HotelBookingSolution\HotelBookingApplication\
2023-11-16 11:34:35,920 [.NET ThreadPool Worker] INFO Microsoft.EntityFrameworkCore.Infrastructure.?[?] - Entity Framework Core 6.0.24 initialized 'BookingContext' using provider 'Microsoft.EntityFrameworkCore.SqlServer:6.0.24' with options: None
2023-11-16 11:34:37,330 [.NET ThreadPool Worker] INFO Microsoft.EntityFrameworkCore.Database.Command.?[?] - Executed DbCommand (136ms) [Parameters=[@p0='?' (Size = 4000), @p1='?' (Size = 4000), @p2='?' (Size = 4000), @p3='?' (Size = 4000), @p4='?' (Size = 4000), @p5='?' (Size = 4000), @p6='?' (Size = 4000)], CommandType='Text', CommandTimeout='30']
SET NOCOUNT ON;
INSERT INTO [Hotels] ([Address], [Amenities], [City], [Description], [HotelName], [Image], [Phone])
VALUES (@p0, @p1, @p2, @p3, @p4, @p5, @p6);
SELECT [HotelId]
FROM [Hotels]
WHERE @@ROWCOUNT = 1 AND [HotelId] = scope_identity();
2023-11-16 11:35:36,810 [.NET ThreadPool Worker] INFO Microsoft.EntityFrameworkCore.Infrastructure.?[?] - Entity Framework Core 6.0.24 initialized 'BookingContext' using provider 'Microsoft.EntityFrameworkCore.SqlServer:6.0.24' with options: None
2023-11-16 11:35:36,832 [.NET ThreadPool Worker] INFO Microsoft.EntityFrameworkCore.Database.Command.?[?] - Executed DbCommand (6ms) [Parameters=[@p0='?' (Size = 4000), @p1='?' (Size = 4000), @p2='?' (Size = 4000), @p3='?' (Size = 4000), @p4='?' (Size = 4000), @p5='?' (Size = 4000), @p6='?' (Size = 4000)], CommandType='Text', CommandTimeout='30']
SET NOCOUNT ON;
INSERT INTO [Hotels] ([Address], [Amenities], [City], [Description], [HotelName], [Image], [Phone])
VALUES (@p0, @p1, @p2, @p3, @p4, @p5, @p6);
SELECT [HotelId]
FROM [Hotels]
WHERE @@ROWCOUNT = 1 AND [HotelId] = scope_identity();
2023-11-16 11:36:34,119 [.NET ThreadPool Worker] INFO Microsoft.EntityFrameworkCore.Infrastructure.?[?] - Entity Framework Core 6.0.24 initialized 'BookingContext' using provider 'Microsoft.EntityFrameworkCore.SqlServer:6.0.24' with options: None
2023-11-16 11:36:34,135 [.NET ThreadPool Worker] INFO Microsoft.EntityFrameworkCore.Database.Command.?[?] - Executed DbCommand (4ms) [Parameters=[@p0='?' (Size = 4000), @p1='?' (Size = 4000), @p2='?' (Size = 4000), @p3='?' (Size = 4000), @p4='?' (Size = 4000), @p5='?' (Size = 4000), @p6='?' (Size = 4000)], CommandType='Text', CommandTimeout='30']
SET NOCOUNT ON;
INSERT INTO [Hotels] ([Address], [Amenities], [City], [Description], [HotelName], [Image], [Phone])
VALUES (@p0, @p1, @p2, @p3, @p4, @p5, @p6);
SELECT [HotelId]
FROM [Hotels]
WHERE @@ROWCOUNT = 1 AND [HotelId] = scope_identity();
2023-11-16 11:37:27,268 [.NET ThreadPool Worker] INFO Microsoft.EntityFrameworkCore.Infrastructure.?[?] - Entity Framework Core 6.0.24 initialized 'BookingContext' using provider 'Microsoft.EntityFrameworkCore.SqlServer:6.0.24' with options: None
2023-11-16 11:37:28,188 [.NET ThreadPool Worker] INFO Microsoft.EntityFrameworkCore.Database.Command.?[?] - Executed DbCommand (5ms) [Parameters=[], CommandType='Text', CommandTimeout='30']
SELECT COUNT(*)
FROM [Hotels] AS [h]
2023-11-16 11:37:28,276 [.NET ThreadPool Worker] INFO Microsoft.EntityFrameworkCore.Database.Command.?[?] - Executed DbCommand (4ms) [Parameters=[], CommandType='Text', CommandTimeout='30']
SELECT [h].[HotelId], [h].[Address], [h].[Amenities], [h].[City], [h].[Description], [h].[HotelName], [h].[Image], [h].[Phone]
FROM [Hotels] AS [h]
2023-11-16 11:38:42,012 [.NET ThreadPool Worker] INFO Microsoft.EntityFrameworkCore.Infrastructure.?[?] - Entity Framework Core 6.0.24 initialized 'BookingContext' using provider 'Microsoft.EntityFrameworkCore.SqlServer:6.0.24' with options: None
2023-11-16 11:38:42,233 [.NET ThreadPool Worker] INFO Microsoft.EntityFrameworkCore.Database.Command.?[?] - Executed DbCommand (8ms) [Parameters=[@__key_0='?' (DbType = Int32)], CommandType='Text', CommandTimeout='30']
SELECT TOP(2) [h].[HotelId], [h].[Address], [h].[Amenities], [h].[City], [h].[Description], [h].[HotelName], [h].[Image], [h].[Phone]
FROM [Hotels] AS [h]
WHERE [h].[HotelId] = @__key_0
2023-11-16 11:38:42,346 [.NET ThreadPool Worker] INFO Microsoft.EntityFrameworkCore.Database.Command.?[?] - Executed DbCommand (55ms) [Parameters=[@p0='?' (DbType = Int32)], CommandType='Text', CommandTimeout='30']
SET NOCOUNT ON;
DELETE FROM [Hotels]
WHERE [HotelId] = @p0;
SELECT @@ROWCOUNT;
2023-11-16 11:38:49,117 [.NET ThreadPool Worker] INFO Microsoft.EntityFrameworkCore.Infrastructure.?[?] - Entity Framework Core 6.0.24 initialized 'BookingContext' using provider 'Microsoft.EntityFrameworkCore.SqlServer:6.0.24' with options: None
2023-11-16 11:38:49,132 [.NET ThreadPool Worker] INFO Microsoft.EntityFrameworkCore.Database.Command.?[?] - Executed DbCommand (2ms) [Parameters=[], CommandType='Text', CommandTimeout='30']
SELECT COUNT(*)
FROM [Hotels] AS [h]
2023-11-16 11:38:49,140 [.NET ThreadPool Worker] INFO Microsoft.EntityFrameworkCore.Database.Command.?[?] - Executed DbCommand (1ms) [Parameters=[], CommandType='Text', CommandTimeout='30']
SELECT [h].[HotelId], [h].[Address], [h].[Amenities], [h].[City], [h].[Description], [h].[HotelName], [h].[Image], [h].[Phone]
FROM [Hotels] AS [h]
2023-11-16 11:39:29,263 [.NET ThreadPool Worker] INFO Microsoft.EntityFrameworkCore.Infrastructure.?[?] - Entity Framework Core 6.0.24 initialized 'BookingContext' using provider 'Microsoft.EntityFrameworkCore.SqlServer:6.0.24' with options: None
2023-11-16 11:39:29,286 [.NET ThreadPool Worker] INFO Microsoft.EntityFrameworkCore.Database.Command.?[?] - Executed DbCommand (6ms) [Parameters=[@__key_0='?' (DbType = Int32)], CommandType='Text', CommandTimeout='30']
SELECT TOP(2) [h].[HotelId], [h].[Address], [h].[Amenities], [h].[City], [h].[Description], [h].[HotelName], [h].[Image], [h].[Phone]
FROM [Hotels] AS [h]
WHERE [h].[HotelId] = @__key_0
2023-11-16 11:39:29,295 [.NET ThreadPool Worker] INFO Microsoft.EntityFrameworkCore.Database.Command.?[?] - Executed DbCommand (1ms) [Parameters=[@__key_0='?' (DbType = Int32)], CommandType='Text', CommandTimeout='30']
SELECT TOP(2) [h].[HotelId], [h].[Address], [h].[Amenities], [h].[City], [h].[Description], [h].[HotelName], [h].[Image], [h].[Phone]
FROM [Hotels] AS [h]
WHERE [h].[HotelId] = @__key_0
2023-11-16 11:39:29,332 [.NET ThreadPool Worker] INFO Microsoft.EntityFrameworkCore.Database.Command.?[?] - Executed DbCommand (10ms) [Parameters=[@p7='?' (DbType = Int32), @p0='?' (Size = 4000), @p1='?' (Size = 4000), @p2='?' (Size = 4000), @p3='?' (Size = 4000), @p4='?' (Size = 4000), @p5='?' (Size = 4000), @p6='?' (Size = 4000)], CommandType='Text', CommandTimeout='30']
SET NOCOUNT ON;
UPDATE [Hotels] SET [Address] = @p0, [Amenities] = @p1, [City] = @p2, [Description] = @p3, [HotelName] = @p4, [Image] = @p5, [Phone] = @p6
WHERE [HotelId] = @p7;
SELECT @@ROWCOUNT;
2023-11-16 11:39:50,248 [.NET ThreadPool Worker] INFO Microsoft.EntityFrameworkCore.Infrastructure.?[?] - Entity Framework Core 6.0.24 initialized 'BookingContext' using provider 'Microsoft.EntityFrameworkCore.SqlServer:6.0.24' with options: None
2023-11-16 11:39:50,263 [.NET ThreadPool Worker] INFO Microsoft.EntityFrameworkCore.Database.Command.?[?] - Executed DbCommand (5ms) [Parameters=[], CommandType='Text', CommandTimeout='30']
SELECT COUNT(*)
FROM [Hotels] AS [h]
2023-11-16 11:39:50,277 [.NET ThreadPool Worker] INFO Microsoft.EntityFrameworkCore.Database.Command.?[?] - Executed DbCommand (3ms) [Parameters=[], CommandType='Text', CommandTimeout='30']
SELECT [h].[HotelId], [h].[Address], [h].[Amenities], [h].[City], [h].[Description], [h].[HotelName], [h].[Image], [h].[Phone]
FROM [Hotels] AS [h]
2023-11-16 11:49:28,711 [1] INFO Microsoft.Hosting.Lifetime.?[?] - Now listening on: http://localhost:5272
2023-11-16 11:49:28,947 [1] INFO Microsoft.Hosting.Lifetime.OnApplicationStarted[0] - Application started. Press Ctrl+C to shut down.
2023-11-16 11:49:28,959 [1] INFO Microsoft.Hosting.Lifetime.OnApplicationStarted[0] - Hosting environment: Development
2023-11-16 11:49:28,967 [1] INFO Microsoft.Hosting.Lifetime.OnApplicationStarted[0] - Content root path: E:\Hotel Booking\HotelBookingapplication\HotelBookingSolution\HotelBookingApplication\
2023-11-16 11:49:51,700 [.NET ThreadPool Worker] INFO Microsoft.EntityFrameworkCore.Infrastructure.?[?] - Entity Framework Core 6.0.24 initialized 'BookingContext' using provider 'Microsoft.EntityFrameworkCore.SqlServer:6.0.24' with options: None
2023-11-16 11:49:54,043 [.NET ThreadPool Worker] INFO Microsoft.EntityFrameworkCore.Database.Command.?[?] - Executed DbCommand (150ms) [Parameters=[@__key_0='?' (DbType = Int32)], CommandType='Text', CommandTimeout='30']
SELECT TOP(2) [h].[HotelId], [h].[Address], [h].[Amenities], [h].[City], [h].[Description], [h].[HotelName], [h].[Image], [h].[Phone]
FROM [Hotels] AS [h]
WHERE [h].[HotelId] = @__key_0
2023-11-16 11:49:54,487 [.NET ThreadPool Worker] INFO Microsoft.EntityFrameworkCore.Database.Command.?[?] - Executed DbCommand (5ms) [Parameters=[@p0='?' (DbType = Int32)], CommandType='Text', CommandTimeout='30']
SET NOCOUNT ON;
DELETE FROM [Hotels]
WHERE [HotelId] = @p0;
SELECT @@ROWCOUNT;
2023-11-16 11:50:01,405 [.NET ThreadPool Worker] INFO Microsoft.EntityFrameworkCore.Infrastructure.?[?] - Entity Framework Core 6.0.24 initialized 'BookingContext' using provider 'Microsoft.EntityFrameworkCore.SqlServer:6.0.24' with options: None
2023-11-16 11:50:01,444 [.NET ThreadPool Worker] INFO Microsoft.EntityFrameworkCore.Database.Command.?[?] - Executed DbCommand (5ms) [Parameters=[@__key_0='?' (DbType = Int32)], CommandType='Text', CommandTimeout='30']
SELECT TOP(2) [h].[HotelId], [h].[Address], [h].[Amenities], [h].[City], [h].[Description], [h].[HotelName], [h].[Image], [h].[Phone]
FROM [Hotels] AS [h]
WHERE [h].[HotelId] = @__key_0
2023-11-16 11:50:01,475 [.NET ThreadPool Worker] INFO Microsoft.EntityFrameworkCore.Database.Command.?[?] - Executed DbCommand (9ms) [Parameters=[@p0='?' (DbType = Int32)], CommandType='Text', CommandTimeout='30']
SET NOCOUNT ON;
DELETE FROM [Hotels]
WHERE [HotelId] = @p0;
SELECT @@ROWCOUNT;
2023-11-16 11:50:07,280 [.NET ThreadPool Worker] INFO Microsoft.EntityFrameworkCore.Infrastructure.?[?] - Entity Framework Core 6.0.24 initialized 'BookingContext' using provider 'Microsoft.EntityFrameworkCore.SqlServer:6.0.24' with options: None
2023-11-16 11:50:07,301 [.NET ThreadPool Worker] INFO Microsoft.EntityFrameworkCore.Database.Command.?[?] - Executed DbCommand (4ms) [Parameters=[@__key_0='?' (DbType = Int32)], CommandType='Text', CommandTimeout='30']
SELECT TOP(2) [h].[HotelId], [h].[Address], [h].[Amenities], [h].[City], [h].[Description], [h].[HotelName], [h].[Image], [h].[Phone]
FROM [Hotels] AS [h]
WHERE [h].[HotelId] = @__key_0
2023-11-16 11:50:14,480 [.NET ThreadPool Worker] INFO Microsoft.EntityFrameworkCore.Infrastructure.?[?] - Entity Framework Core 6.0.24 initialized 'BookingContext' using provider 'Microsoft.EntityFrameworkCore.SqlServer:6.0.24' with options: None
2023-11-16 11:50:14,603 [.NET ThreadPool Worker] INFO Microsoft.EntityFrameworkCore.Database.Command.?[?] - Executed DbCommand (9ms) [Parameters=[], CommandType='Text', CommandTimeout='30']
SELECT COUNT(*)
FROM [Hotels] AS [h]
2023-11-16 11:50:22,221 [.NET ThreadPool Worker] INFO Microsoft.EntityFrameworkCore.Infrastructure.?[?] - Entity Framework Core 6.0.24 initialized 'BookingContext' using provider 'Microsoft.EntityFrameworkCore.SqlServer:6.0.24' with options: None
2023-11-16 11:50:22,237 [.NET ThreadPool Worker] INFO Microsoft.EntityFrameworkCore.Database.Command.?[?] - Executed DbCommand (3ms) [Parameters=[@__key_0='?' (DbType = Int32)], CommandType='Text', CommandTimeout='30']
SELECT TOP(2) [h].[HotelId], [h].[Address], [h].[Amenities], [h].[City], [h].[Description], [h].[HotelName], [h].[Image], [h].[Phone]
FROM [Hotels] AS [h]
WHERE [h].[HotelId] = @__key_0
2023-11-16 11:51:10,623 [.NET ThreadPool Worker] INFO Microsoft.EntityFrameworkCore.Infrastructure.?[?] - Entity Framework Core 6.0.24 initialized 'BookingContext' using provider 'Microsoft.EntityFrameworkCore.SqlServer:6.0.24' with options: None
2023-11-16 11:51:10,683 [.NET ThreadPool Worker] INFO Microsoft.EntityFrameworkCore.Database.Command.?[?] - Executed DbCommand (4ms) [Parameters=[@__key_0='?' (DbType = Int32)], CommandType='Text', CommandTimeout='30']
SELECT TOP(2) [h].[HotelId], [h].[Address], [h].[Amenities], [h].[City], [h].[Description], [h].[HotelName], [h].[Image], [h].[Phone]
FROM [Hotels] AS [h]
WHERE [h].[HotelId] = @__key_0
2023-11-16 11:53:56,706 [1] INFO Microsoft.Hosting.Lifetime.?[?] - Now listening on: http://localhost:5272
2023-11-16 11:53:56,824 [1] INFO Microsoft.Hosting.Lifetime.OnApplicationStarted[0] - Application started. Press Ctrl+C to shut down.
2023-11-16 11:53:56,830 [1] INFO Microsoft.Hosting.Lifetime.OnApplicationStarted[0] - Hosting environment: Development
2023-11-16 11:53:56,836 [1] INFO Microsoft.Hosting.Lifetime.OnApplicationStarted[0] - Content root path: E:\Hotel Booking\HotelBookingapplication\HotelBookingSolution\HotelBookingApplication\
2023-11-16 11:54:10,410 [.NET ThreadPool Worker] INFO Microsoft.EntityFrameworkCore.Infrastructure.?[?] - Entity Framework Core 6.0.24 initialized 'BookingContext' using provider 'Microsoft.EntityFrameworkCore.SqlServer:6.0.24' with options: None
2023-11-16 11:54:12,639 [.NET ThreadPool Worker] INFO Microsoft.EntityFrameworkCore.Database.Command.?[?] - Executed DbCommand (190ms) [Parameters=[@__key_0='?' (DbType = Int32)], CommandType='Text', CommandTimeout='30']
SELECT TOP(2) [h].[HotelId], [h].[Address], [h].[Amenities], [h].[City], [h].[Description], [h].[HotelName], [h].[Image], [h].[Phone]
FROM [Hotels] AS [h]
WHERE [h].[HotelId] = @__key_0
